<?xml version="1.0" encoding="UTF-8"?>
<!-- Generated by org.testng.reporters.JUnitReportReporter -->
<testsuite hostname="DESKTOP-FFQQAKU" failures="0" tests="1" name="test.DemoTest" time="52.568" errors="0" timestamp="2022-07-05T08:54:51 ICT" skipped="0">
  <testcase classname="test.DemoTest" name="Test01_TestAPI" time="52.568"/>
  <system-out/>
</testsuite> <!-- test.DemoTest -->
