<?xml version="1.0" encoding="UTF-8"?>
<!-- Generated by org.testng.reporters.JUnitReportReporter -->
<testsuite hostname="DESKTOP-FFQQAKU" failures="0" tests="1" name="test.DemoTest" time="61.219" errors="0" timestamp="2022-07-04T15:26:14 ICT" skipped="0">
  <testcase classname="test.DemoTest" name="Test01_TestAPI" time="61.219"/>
  <system-out/>
</testsuite> <!-- test.DemoTest -->
